[debug] [2023-11-27T11:53:28.576Z] ----------------------------------------------------------------------
[debug] [2023-11-27T11:53:28.579Z] Command:       C:\Program Files\nodejs\node.exe C:\Users\quang\AppData\Roaming\npm\node_modules\firebase-tools\lib\bin\firebase.js init
[debug] [2023-11-27T11:53:28.580Z] CLI Version:   9.18.0
[debug] [2023-11-27T11:53:28.580Z] Platform:      win32
[debug] [2023-11-27T11:53:28.580Z] Node Version:  v12.14.1
[debug] [2023-11-27T11:53:28.581Z] Time:          Mon Nov 27 2023 18:53:28 GMT+0700 (Indochina Time)
[debug] [2023-11-27T11:53:28.582Z] ----------------------------------------------------------------------
[debug] 
[debug] [2023-11-27T11:53:28.585Z] >>> [apiv2][query] GET https://firebase-public.firebaseio.com/cli.json [none]
[debug] [2023-11-27T11:53:28.626Z] > command requires scopes: ["email","openid","https://www.googleapis.com/auth/cloudplatformprojects.readonly","https://www.googleapis.com/auth/firebase","https://www.googleapis.com/auth/cloud-platform"]
[debug] [2023-11-27T11:53:28.627Z] > authorizing via signed-in user (quangbayhai@gmail.com)
[info] 
     ######## #### ########  ######## ########     ###     ######  ########
     ##        ##  ##     ## ##       ##     ##  ##   ##  ##       ##
     ######    ##  ########  ######   ########  #########  ######  ######
     ##        ##  ##    ##  ##       ##     ## ##     ##       ## ##
     ##       #### ##     ## ######## ########  ##     ##  ######  ########

You're about to initialize a Firebase project in this directory:

  E:\hochtml

[debug] [2023-11-27T11:53:29.145Z] <<< [apiv2][status] GET https://firebase-public.firebaseio.com/cli.json 200
[debug] [2023-11-27T11:53:29.145Z] <<< [apiv2][body] GET https://firebase-public.firebaseio.com/cli.json {"cloudBuildErrorAfter":1594252800000,"cloudBuildWarnAfter":1590019200000,"defaultNode10After":1594252800000,"minVersion":"3.0.5","node8DeploysDisabledAfter":1613390400000,"node8RuntimeDisabledAfter":1615809600000,"node8WarnAfter":1600128000000}
